# JRE version: Java(TM) SE Runtime Environment (17.0.11+7) (build 17.0.11+7-LTS-207)
# Java VM: Java HotSpot(TM) 64-Bit Server VM (17.0.11+7-LTS-207, mixed mode, sharing, tiered, compressed oops, compressed class ptrs, g1 gc, windows-amd64)
GC Precious Log:
 CPUs: 4 total, 4 available
 Memory: 3831M
 Large Page Support: Disabled
 NUMA Support: Disabled
 Compressed Oops: Enabled (32-bit)
 Heap Region Size: 1M
 Heap Min Capacity: 8M
 Heap Initial Capacity: 60M
 Heap Max Capacity: 958M
 Pre-touch: Disabled
 Parallel Workers: 4
 Concurrent Workers: 1
 Concurrent Refinement Workers: 4
 Periodic GC: Disabled
Heap:
 garbage-first heap   total 61440K, used 42114K [0x00000000c4200000, 0x0000000100000000)
  region size 1024K, 26 young (26624K), 4 survivors (4096K)
 Metaspace       used 31548K, committed 31936K, reserved 1114112K
  class space    used 4037K, committed 4224K, reserved 1048576K
GC Heap History (16 events):
Event: 1.420 GC heap before
{Heap before GC invocations=0 (full 0):
 garbage-first heap   total 61440K, used 15360K [0x00000000c4200000, 0x0000000100000000)
  region size 1024K, 13 young (13312K), 0 survivors (0K)
 Metaspace       used 1850K, committed 1984K, reserved 1114112K
  class space    used 143K, committed 192K, reserved 1048576K
}
Event: 1.434 GC heap after
{Heap after GC invocations=1 (full 0):
 garbage-first heap   total 61440K, used 8908K [0x00000000c4200000, 0x0000000100000000)
  region size 1024K, 2 young (2048K), 2 survivors (2048K)
 Metaspace       used 1850K, committed 1984K, reserved 1114112K
  class space    used 143K, committed 192K, reserved 1048576K
}
Event: 2.226 GC heap before
{Heap before GC invocations=1 (full 0):
 garbage-first heap   total 61440K, used 17100K [0x00000000c4200000, 0x0000000100000000)
  region size 1024K, 10 young (10240K), 2 survivors (2048K)
 Metaspace       used 4630K, committed 4800K, reserved 1114112K
  class space    used 502K, committed 576K, reserved 1048576K
}
Event: 2.234 GC heap after
{Heap after GC invocations=2 (full 0):
 garbage-first heap   total 61440K, used 9977K [0x00000000c4200000, 0x0000000100000000)
  region size 1024K, 1 young (1024K), 1 survivors (1024K)
 Metaspace       used 4630K, committed 4800K, reserved 1114112K
  class space    used 502K, committed 576K, reserved 1048576K
}
Event: 3.146 GC heap before
{Heap before GC invocations=2 (full 0):
 garbage-first heap   total 61440K, used 27385K [0x00000000c4200000, 0x0000000100000000)
  region size 1024K, 18 young (18432K), 1 survivors (1024K)
 Metaspace       used 7207K, committed 7424K, reserved 1114112K
  class space    used 834K, committed 960K, reserved 1048576K
}
Event: 3.151 GC heap after
{Heap after GC invocations=3 (full 0):
 garbage-first heap   total 61440K, used 10718K [0x00000000c4200000, 0x0000000100000000)
  region size 1024K, 2 young (2048K), 2 survivors (2048K)
 Metaspace       used 7207K, committed 7424K, reserved 1114112K
  class space    used 834K, committed 960K, reserved 1048576K
}
Event: 4.538 GC heap before
{Heap before GC invocations=3 (full 0):
 garbage-first heap   total 61440K, used 39390K [0x00000000c4200000, 0x0000000100000000)
  region size 1024K, 30 young (30720K), 2 survivors (2048K)
 Metaspace       used 14132K, committed 14336K, reserved 1114112K
  class space    used 1695K, committed 1792K, reserved 1048576K
}
Event: 4.551 GC heap after
{Heap after GC invocations=4 (full 0):
 garbage-first heap   total 61440K, used 12782K [0x00000000c4200000, 0x0000000100000000)
  region size 1024K, 4 young (4096K), 4 survivors (4096K)
 Metaspace       used 14132K, committed 14336K, reserved 1114112K
  class space    used 1695K, committed 1792K, reserved 1048576K
}
Event: 5.985 GC heap before
{Heap before GC invocations=4 (full 0):
 garbage-first heap   total 61440K, used 40430K [0x00000000c4200000, 0x0000000100000000)
  region size 1024K, 31 young (31744K), 4 survivors (4096K)
 Metaspace       used 19146K, committed 19456K, reserved 1114112K
  class space    used 2308K, committed 2432K, reserved 1048576K
}
Event: 6.000 GC heap after
{Heap after GC invocations=5 (full 0):
 garbage-first heap   total 61440K, used 15716K [0x00000000c4200000, 0x0000000100000000)
  region size 1024K, 3 young (3072K), 3 survivors (3072K)
 Metaspace       used 19146K, committed 19456K, reserved 1114112K
  class space    used 2308K, committed 2432K, reserved 1048576K
}
Event: 8.290 GC heap before
{Heap before GC invocations=5 (full 0):
 garbage-first heap   total 61440K, used 41316K [0x00000000c4200000, 0x0000000100000000)
  region size 1024K, 29 young (29696K), 3 survivors (3072K)
 Metaspace       used 21283K, committed 21504K, reserved 1114112K
  class space    used 2552K, committed 2688K, reserved 1048576K
}
Event: 8.300 GC heap after
{Heap after GC invocations=6 (full 0):
 garbage-first heap   total 61440K, used 17115K [0x00000000c4200000, 0x0000000100000000)
  region size 1024K, 2 young (2048K), 2 survivors (2048K)
 Metaspace       used 21283K, committed 21504K, reserved 1114112K
  class space    used 2552K, committed 2688K, reserved 1048576K
}
Event: 10.492 GC heap before
{Heap before GC invocations=7 (full 0):
 garbage-first heap   total 61440K, used 43739K [0x00000000c4200000, 0x0000000100000000)
  region size 1024K, 28 young (28672K), 2 survivors (2048K)
 Metaspace       used 24891K, committed 25152K, reserved 1114112K
  class space    used 3188K, committed 3328K, reserved 1048576K
}
Event: 10.501 GC heap after
{Heap after GC invocations=8 (full 0):
 garbage-first heap   total 61440K, used 18852K [0x00000000c4200000, 0x0000000100000000)
  region size 1024K, 4 young (4096K), 4 survivors (4096K)
 Metaspace       used 24891K, committed 25152K, reserved 1114112K
  class space    used 3188K, committed 3328K, reserved 1048576K
}
Event: 12.138 GC heap before
{Heap before GC invocations=8 (full 0):
 garbage-first heap   total 61440K, used 45476K [0x00000000c4200000, 0x0000000100000000)
  region size 1024K, 30 young (30720K), 4 survivors (4096K)
 Metaspace       used 28467K, committed 28864K, reserved 1114112K
  class space    used 3644K, committed 3840K, reserved 1048576K
}
Event: 12.154 GC heap after
{Heap after GC invocations=9 (full 0):
 garbage-first heap   total 61440K, used 20610K [0x00000000c4200000, 0x0000000100000000)
  region size 1024K, 4 young (4096K), 4 survivors (4096K)
 Metaspace       used 28467K, committed 28864K, reserved 1114112K
  class space    used 3644K, committed 3840K, reserved 1048576K
}

